<?xml version="1.0" encoding="UTF-8"?>
<!-- Generated by org.testng.reporters.JUnitReportReporter -->
<testsuite hostname="DESKTOP-455KKI0" failures="0" tests="1" name="defult.ps1" time="0.011" errors="0" timestamp="2024-02-21T21:14:48 EET" skipped="0">
  <testcase classname="defult.ps1" name="runtest" time="0.011"/>
</testsuite> <!-- defult.ps1 -->
