<?xml version="1.0" encoding="UTF-8"?>
<!-- Generated by org.testng.reporters.JUnitReportReporter -->
<testsuite hostname="DESKTOP-455KKI0" failures="0" tests="1" name="selintroduction.javaStream1" time="0.014" errors="0" timestamp="2024-02-03T14:46:32 EET" skipped="0">
  <testcase classname="selintroduction.javaStream1" name="collect" time="0.014"/>
</testsuite> <!-- selintroduction.javaStream1 -->
